<?xml version="1.0" encoding="UTF-8"?>
<!-- Generated by org.testng.reporters.JUnitReportReporter -->
<testsuite hostname="DESKTOP-4LJ66BR" failures="0" tests="3" name="com.test.OrangeHRMtest" time="18.240" errors="0" timestamp="2025-01-05T09:45:12 IST" skipped="0">
  <testcase classname="com.test.OrangeHRMtest" name="login" time="15.973"/>
  <testcase classname="com.test.OrangeHRMtest" name="testAdmin" time="1.375"/>
  <testcase classname="com.test.OrangeHRMtest" name="logout" time="0.892"/>
</testsuite> <!-- com.test.OrangeHRMtest -->
