<?xml version="1.0" encoding="UTF-8"?>
<!-- Generated by org.testng.reporters.JUnitReportReporter -->
<testsuite hostname="DESKTOP-4LJ66BR" failures="0" tests="3" name="com.test.SaucelaborangeHRMdemo" time="25.954" errors="0" timestamp="2025-01-05T11:48:17 IST" skipped="0">
  <testcase classname="com.test.SaucelaborangeHRMdemo" name="login" time="22.360"/>
  <testcase classname="com.test.SaucelaborangeHRMdemo" name="testAdmin" time="1.607"/>
  <testcase classname="com.test.SaucelaborangeHRMdemo" name="logout" time="1.987"/>
</testsuite> <!-- com.test.SaucelaborangeHRMdemo -->
