<?xml version="1.0" encoding="UTF-8"?>
<!-- Generated by org.testng.reporters.JUnitReportReporter -->
<testsuite hostname="DESKTOP-4LJ66BR" failures="0" tests="1" name="com.orange.hrm.test.Loginutilityproperties" time="0.790" errors="0" timestamp="2024-12-31T15:49:31 IST" skipped="0">
  <testcase classname="com.orange.hrm.test.Loginutilityproperties" name="LoginWithValidUserNameandValidPassword" time="0.790"/>
</testsuite> <!-- com.orange.hrm.test.Loginutilityproperties -->
