<?xml version="1.0" encoding="UTF-8"?>
<!-- Generated by org.testng.reporters.JUnitReportReporter -->
<testsuite hostname="DESKTOP-4LJ66BR" failures="0" tests="1" name="com.orange.hrm.test1.HomePageTest" time="2.732" errors="0" timestamp="2025-01-16T19:17:46 IST" skipped="0">
  <testcase classname="com.orange.hrm.test1.HomePageTest" name="logout" time="2.732"/>
</testsuite> <!-- com.orange.hrm.test1.HomePageTest -->
