<?xml version="1.0" encoding="UTF-8"?>
<!-- Generated by org.testng.reporters.JUnitReportReporter -->
<testsuite hostname="DESKTOP-4LJ66BR" failures="0" tests="1" name="com.orange.hrm.test.Logintestlog" time="0.695" errors="0" timestamp="2025-01-11T13:11:11 IST" skipped="0">
  <testcase classname="com.orange.hrm.test.Logintestlog" name="loginwithvalidusernameandvalidpassword" time="0.695"/>
</testsuite> <!-- com.orange.hrm.test.Logintestlog -->
