<?xml version="1.0" encoding="UTF-8"?>
<!-- Generated by org.testng.reporters.JUnitReportReporter -->
<testsuite hostname="DESKTOP-4LJ66BR" failures="0" tests="1" name="com.orange.hrm.test.Logintest" time="0.290" errors="0" timestamp="2025-01-05T09:44:06 IST" skipped="0">
  <testcase classname="com.orange.hrm.test.Logintest" name="loginwithvalidusernameandvalidpassword" time="0.290"/>
</testsuite> <!-- com.orange.hrm.test.Logintest -->
