<?xml version="1.0" encoding="UTF-8"?>
<!-- Generated by org.testng.reporters.JUnitReportReporter -->
<testsuite hostname="DESKTOP-4LJ66BR" failures="0" tests="3" name="com.test.OrangeHRMtest" time="19.706" errors="0" timestamp="2024-12-30T09:56:37 IST" skipped="0">
  <testcase classname="com.test.OrangeHRMtest" name="login" time="16.574"/>
  <testcase classname="com.test.OrangeHRMtest" name="testAdmin" time="2.084"/>
  <testcase classname="com.test.OrangeHRMtest" name="logout" time="1.048"/>
</testsuite> <!-- com.test.OrangeHRMtest -->
